<?xml version="1.0" encoding="UTF-8"?><testsuite errors="1" failures="0" name="Dol homepage regression" skipped="0" tests="5" time="320.75" timestamp="2018-01-16 02:24:51"><testcase name="Verify all of the Social Media navigation links open correctly"><failure message="no such element: Unable to locate element: {&quot;method&quot;:&quot;xpath&quot;,&quot;selector&quot;:&quot;(//*[@class='ProfileHeaderCard-nameLink u-textInheritColor js-nav'] | //*[@id=&quot;seo_h1_tag&quot;]/a |//*[@id='stream-about-section']/div[2]/div[2]/ul/li[1]/h4 |//*[@id='channel-title'] |//*[@id='quick_subscribe_new']/h1)&quot;}&#10;  (Session info: chrome=63.0.3239.132)&#10;  (Driver info: chromedriver=2.34.522932 (4140ab217e1ca1bec0c4b4d1b148f3361eb3a03e),platform=Mac OS X 10.12.6 x86_64) (WARNING: The server did not provide any stacktrace information)&#10;Command duration or timeout: 30.05 seconds&#10;For documentation on this error, please visit: http://seleniumhq.org/exceptions/no_such_element.html&#10;Build info: version: '2.53.0', revision: '35ae25b1534ae328c771e0856c93e187490ca824', time: '2016-03-15 10:43:46'&#10;System info: host: 'c02vj0eahtdg.users.bah.com', ip: '10.201.14.135', os.name: 'Mac OS X', os.arch: 'x86_64', os.version: '10.12.6', java.version: '1.8.0_152'&#10;Driver info: org.openqa.selenium.chrome.ChromeDriver&#10;Capabilities [{applicationCacheEnabled=false, rotatable=false, mobileEmulationEnabled=false, networkConnectionEnabled=false, chrome={chromedriverVersion=2.34.522932 (4140ab217e1ca1bec0c4b4d1b148f3361eb3a03e), userDataDir=/var/folders/y_/1vk31t113zd18dv5_4lx_t7m0000gn/T/.org.chromium.Chromium.oIDA8K}, takesHeapSnapshot=true, pageLoadStrategy=normal, databaseEnabled=false, handlesAlerts=true, hasTouchScreen=false, version=63.0.3239.132, platform=MAC, browserConnectionEnabled=false, nativeEvents=true, acceptSslCerts=true, locationContextEnabled=true, webStorageEnabled=true, browserName=chrome, takesScreenshot=true, javascriptEnabled=true, cssSelectorsEnabled=true, setWindowRect=true, unexpectedAlertBehaviour=}]&#10;Session ID: 1ca31557b5e9fc4065c328cde292ae10&#10;*** Element info: {Using=xpath, value=(//*[@class='ProfileHeaderCard-nameLink u-textInheritColor js-nav'] | //*[@id=&quot;seo_h1_tag&quot;]/a |//*[@id='stream-about-section']/div[2]/div[2]/ul/li[1]/h4 |//*[@id='channel-title'] |//*[@id='quick_subscribe_new']/h1)}" type="org.openqa.selenium.NoSuchElementException">no such element: Unable to locate element: {"method":"xpath","selector":"(//*[@class='ProfileHeaderCard-nameLink u-textInheritColor js-nav'] | //*[@id="seo_h1_tag"]/a |//*[@id='stream-about-section']/div[2]/div[2]/ul/li[1]/h4 |//*[@id='channel-title'] |//*[@id='quick_subscribe_new']/h1)"}
  (Session info: chrome=63.0.3239.132)
  (Driver info: chromedriver=2.34.522932 (4140ab217e1ca1bec0c4b4d1b148f3361eb3a03e),platform=Mac OS X 10.12.6 x86_64) (WARNING: The server did not provide any stacktrace information)
Command duration or timeout: 30.05 seconds
For documentation on this error, please visit: http://seleniumhq.org/exceptions/no_such_element.html
Build info: version: '2.53.0', revision: '35ae25b1534ae328c771e0856c93e187490ca824', time: '2016-03-15 10:43:46'
System info: host: 'c02vj0eahtdg.users.bah.com', ip: '10.201.14.135', os.name: 'Mac OS X', os.arch: 'x86_64', os.version: '10.12.6', java.version: '1.8.0_152'
Driver info: org.openqa.selenium.chrome.ChromeDriver
Capabilities [{applicationCacheEnabled=false, rotatable=false, mobileEmulationEnabled=false, networkConnectionEnabled=false, chrome={chromedriverVersion=2.34.522932 (4140ab217e1ca1bec0c4b4d1b148f3361eb3a03e), userDataDir=/var/folders/y_/1vk31t113zd18dv5_4lx_t7m0000gn/T/.org.chromium.Chromium.oIDA8K}, takesHeapSnapshot=true, pageLoadStrategy=normal, databaseEnabled=false, handlesAlerts=true, hasTouchScreen=false, version=63.0.3239.132, platform=MAC, browserConnectionEnabled=false, nativeEvents=true, acceptSslCerts=true, locationContextEnabled=true, webStorageEnabled=true, browserName=chrome, takesScreenshot=true, javascriptEnabled=true, cssSelectorsEnabled=true, setWindowRect=true, unexpectedAlertBehaviour=}]
Session ID: 1ca31557b5e9fc4065c328cde292ae10
*** Element info: {Using=xpath, value=(//*[@class='ProfileHeaderCard-nameLink u-textInheritColor js-nav'] | //*[@id="seo_h1_tag"]/a |//*[@id='stream-about-section']/div[2]/div[2]/ul/li[1]/h4 |//*[@id='channel-title'] |//*[@id='quick_subscribe_new']/h1)}</failure><system-err>no such element: Unable to locate element: {"method":"xpath","selector":"(//*[@class='ProfileHeaderCard-nameLink u-textInheritColor js-nav'] | //*[@id="seo_h1_tag"]/a |//*[@id='stream-about-section']/div[2]/div[2]/ul/li[1]/h4 |//*[@id='channel-title'] |//*[@id='quick_subscribe_new']/h1)"}
  (Session info: chrome=63.0.3239.132)
  (Driver info: chromedriver=2.34.522932 (4140ab217e1ca1bec0c4b4d1b148f3361eb3a03e),platform=Mac OS X 10.12.6 x86_64) (WARNING: The server did not provide any stacktrace information)
Command duration or timeout: 30.05 seconds
For documentation on this error, please visit: http://seleniumhq.org/exceptions/no_such_element.html
Build info: version: '2.53.0', revision: '35ae25b1534ae328c771e0856c93e187490ca824', time: '2016-03-15 10:43:46'
System info: host: 'c02vj0eahtdg.users.bah.com', ip: '10.201.14.135', os.name: 'Mac OS X', os.arch: 'x86_64', os.version: '10.12.6', java.version: '1.8.0_152'
Driver info: org.openqa.selenium.chrome.ChromeDriver
Capabilities [{applicationCacheEnabled=false, rotatable=false, mobileEmulationEnabled=false, networkConnectionEnabled=false, chrome={chromedriverVersion=2.34.522932 (4140ab217e1ca1bec0c4b4d1b148f3361eb3a03e), userDataDir=/var/folders/y_/1vk31t113zd18dv5_4lx_t7m0000gn/T/.org.chromium.Chromium.oIDA8K}, takesHeapSnapshot=true, pageLoadStrategy=normal, databaseEnabled=false, handlesAlerts=true, hasTouchScreen=false, version=63.0.3239.132, platform=MAC, browserConnectionEnabled=false, nativeEvents=true, acceptSslCerts=true, locationContextEnabled=true, webStorageEnabled=true, browserName=chrome, takesScreenshot=true, javascriptEnabled=true, cssSelectorsEnabled=true, setWindowRect=true, unexpectedAlertBehaviour=}]
Session ID: 1ca31557b5e9fc4065c328cde292ae10
*** Element info: {Using=xpath, value=(//*[@class='ProfileHeaderCard-nameLink u-textInheritColor js-nav'] | //*[@id="seo_h1_tag"]/a |//*[@id='stream-about-section']/div[2]/div[2]/ul/li[1]/h4 |//*[@id='channel-title'] |//*[@id='quick_subscribe_new']/h1)}
gov.dol.bg.test.pages.DOLHomepage.verifySocialMedia(DOLHomepage.java:161)
gov.dol.bg.test.User.shouldSeePage(User.java:412)
gov.dol.bg.test.DailyRegression.the_socMediaLink_page_should_open_correctlyy(DailyRegression.java:85)
</system-err></testcase></testsuite>