<?xml version="1.0" encoding="UTF-8"?><testsuite errors="2" failures="0" name="Ilab regression" skipped="0" tests="9" time="562.68" timestamp="2018-01-31 11:20:27"><testcase name="Verify all of the About Us tabs from the ILAB page"/><testcase name="Verify all of the Our Work tabs from the ILAB page"/><testcase name="Verify all of the Resources tabs from the ILAB page"><error message="Timed out after 30 seconds. Element not found&#10;For documentation on this error, please visit: http://seleniumhq.org/exceptions/no_such_element.html&#10;Build info: version: '2.53.0', revision: '35ae25b1534ae328c771e0856c93e187490ca824', time: '2016-03-15 10:43:46'&#10;System info: host: 'c02vj0eahtdg.users.bah.com', ip: '10.201.14.135', os.name: 'Mac OS X', os.arch: 'x86_64', os.version: '10.12.6', java.version: '1.8.0_152'&#10;Driver info: driver.version: unknown" type="org.openqa.selenium.NoSuchElementException">Timed out after 30 seconds. Element not found
For documentation on this error, please visit: http://seleniumhq.org/exceptions/no_such_element.html
Build info: version: '2.53.0', revision: '35ae25b1534ae328c771e0856c93e187490ca824', time: '2016-03-15 10:43:46'
System info: host: 'c02vj0eahtdg.users.bah.com', ip: '10.201.14.135', os.name: 'Mac OS X', os.arch: 'x86_64', os.version: '10.12.6', java.version: '1.8.0_152'
Driver info: driver.version: unknown</error><system-err>Timed out after 30 seconds. Element not found
For documentation on this error, please visit: http://seleniumhq.org/exceptions/no_such_element.html
Build info: version: '2.53.0', revision: '35ae25b1534ae328c771e0856c93e187490ca824', time: '2016-03-15 10:43:46'
System info: host: 'c02vj0eahtdg.users.bah.com', ip: '10.201.14.135', os.name: 'Mac OS X', os.arch: 'x86_64', os.version: '10.12.6', java.version: '1.8.0_152'
Driver info: driver.version: unknown
gov.dol.bg.test.pages.ILABHomepage.clickSubSubNavButtons(ILABHomepage.java:129)
gov.dol.bg.test.User.clickNavNode(User.java:209)
gov.dol.bg.test.DailyRegression.when_I_click_on_each_link_in_the_resources_panel(DailyRegression.java:116)
</system-err></testcase><testcase name="Verify all of the ILAB In Action tabs from the ILAB page"/></testsuite>