<?xml version="1.0" encoding="UTF-8"?><testsuite errors="2" failures="0" name="Ebsa regression" skipped="0" tests="14" time="170.06" timestamp="2017-12-340 02:44:07"><testcase name="Verify the Ask EBSA and EBSA Home menu items"/><testcase name="Verify all of the About EBSA tabs from the EBSA page"><error message="Timed out after 30 seconds. Element not available&#10;Build info: version: '2.53.0', revision: '35ae25b1534ae328c771e0856c93e187490ca824', time: '2016-03-15 10:43:46'&#10;System info: host: 'BAH5CG70147KN', ip: '192.168.64.1', os.name: 'Windows 10', os.arch: 'amd64', os.version: '10.0', java.version: '1.8.0_144'&#10;Driver info: driver.version: unknown" type="org.openqa.selenium.ElementNotVisibleException">Timed out after 30 seconds. Element not available
Build info: version: '2.53.0', revision: '35ae25b1534ae328c771e0856c93e187490ca824', time: '2016-03-15 10:43:46'
System info: host: 'BAH5CG70147KN', ip: '192.168.64.1', os.name: 'Windows 10', os.arch: 'amd64', os.version: '10.0', java.version: '1.8.0_144'
Driver info: driver.version: unknown</error><system-err>Timed out after 30 seconds. Element not available
Build info: version: '2.53.0', revision: '35ae25b1534ae328c771e0856c93e187490ca824', time: '2016-03-15 10:43:46'
System info: host: 'BAH5CG70147KN', ip: '192.168.64.1', os.name: 'Windows 10', os.arch: 'amd64', os.version: '10.0', java.version: '1.8.0_144'
Driver info: driver.version: unknown&#13;
gov.dol.bg.test.pages.EBSAHomepage.clickSubSubNavButtons(EBSAHomepage.java:187)&#13;
gov.dol.bg.test.User.clickNavNode(User.java:242)&#13;
gov.dol.bg.test.DailyRegression.when_I_click_on_each_link_in_the_aboutEBSA_tab(DailyRegression.java:151)&#13;
</system-err></testcase><testcase name="Verify all of the Workers &amp; Families tabs from the EBSA page"/><testcase name="Verify all of the Employers &amp; Advisers tabs from the EBSA page"/><testcase name="Verify all of the Researchers tabs from the EBSA page"/><testcase name="Verify all of the Key Topics tabs from the EBSA page"/><testcase name="Verify all of the Laws &amp; Regulations tabs from the EBSA page"/></testsuite>