<?xml version="1.0" encoding="UTF-8"?><testsuite errors="5" failures="0" name="Dol homepage regression" skipped="0" tests="5" time="183.56" timestamp="2018-01-16 01:45:22"><testcase name="Verify all of the Social Media navigation links open correctly"><error message="no such window: target window already closed&#10;from unknown error: web view not found&#10;  (Session info: chrome=63.0.3239.132)&#10;  (Driver info: chromedriver=2.34.522932 (4140ab217e1ca1bec0c4b4d1b148f3361eb3a03e),platform=Mac OS X 10.12.6 x86_64) (WARNING: The server did not provide any stacktrace information)&#10;Command duration or timeout: 4 milliseconds&#10;Build info: version: '2.53.0', revision: '35ae25b1534ae328c771e0856c93e187490ca824', time: '2016-03-15 10:43:46'&#10;System info: host: 'c02vj0eahtdg.users.bah.com', ip: '10.201.14.135', os.name: 'Mac OS X', os.arch: 'x86_64', os.version: '10.12.6', java.version: '1.8.0_152'&#10;Driver info: org.openqa.selenium.chrome.ChromeDriver&#10;Capabilities [{applicationCacheEnabled=false, rotatable=false, mobileEmulationEnabled=false, networkConnectionEnabled=false, chrome={chromedriverVersion=2.34.522932 (4140ab217e1ca1bec0c4b4d1b148f3361eb3a03e), userDataDir=/var/folders/y_/1vk31t113zd18dv5_4lx_t7m0000gn/T/.org.chromium.Chromium.5h7qR1}, takesHeapSnapshot=true, pageLoadStrategy=normal, databaseEnabled=false, handlesAlerts=true, hasTouchScreen=false, version=63.0.3239.132, platform=MAC, browserConnectionEnabled=false, nativeEvents=true, acceptSslCerts=true, locationContextEnabled=true, webStorageEnabled=true, browserName=chrome, takesScreenshot=true, javascriptEnabled=true, cssSelectorsEnabled=true, setWindowRect=true, unexpectedAlertBehaviour=}]&#10;Session ID: 994dd178fdfefe5261db78c6ee5527ee&#10;*** Element info: {Using=xpath, value=//*[@id='email']}" type="org.openqa.selenium.NoSuchWindowException">no such window: target window already closed
from unknown error: web view not found
  (Session info: chrome=63.0.3239.132)
  (Driver info: chromedriver=2.34.522932 (4140ab217e1ca1bec0c4b4d1b148f3361eb3a03e),platform=Mac OS X 10.12.6 x86_64) (WARNING: The server did not provide any stacktrace information)
Command duration or timeout: 4 milliseconds
Build info: version: '2.53.0', revision: '35ae25b1534ae328c771e0856c93e187490ca824', time: '2016-03-15 10:43:46'
System info: host: 'c02vj0eahtdg.users.bah.com', ip: '10.201.14.135', os.name: 'Mac OS X', os.arch: 'x86_64', os.version: '10.12.6', java.version: '1.8.0_152'
Driver info: org.openqa.selenium.chrome.ChromeDriver
Capabilities [{applicationCacheEnabled=false, rotatable=false, mobileEmulationEnabled=false, networkConnectionEnabled=false, chrome={chromedriverVersion=2.34.522932 (4140ab217e1ca1bec0c4b4d1b148f3361eb3a03e), userDataDir=/var/folders/y_/1vk31t113zd18dv5_4lx_t7m0000gn/T/.org.chromium.Chromium.5h7qR1}, takesHeapSnapshot=true, pageLoadStrategy=normal, databaseEnabled=false, handlesAlerts=true, hasTouchScreen=false, version=63.0.3239.132, platform=MAC, browserConnectionEnabled=false, nativeEvents=true, acceptSslCerts=true, locationContextEnabled=true, webStorageEnabled=true, browserName=chrome, takesScreenshot=true, javascriptEnabled=true, cssSelectorsEnabled=true, setWindowRect=true, unexpectedAlertBehaviour=}]
Session ID: 994dd178fdfefe5261db78c6ee5527ee
*** Element info: {Using=xpath, value=//*[@id='email']}</error><system-err>no such window: target window already closed
from unknown error: web view not found
  (Session info: chrome=63.0.3239.132)
  (Driver info: chromedriver=2.34.522932 (4140ab217e1ca1bec0c4b4d1b148f3361eb3a03e),platform=Mac OS X 10.12.6 x86_64) (WARNING: The server did not provide any stacktrace information)
Command duration or timeout: 4 milliseconds
Build info: version: '2.53.0', revision: '35ae25b1534ae328c771e0856c93e187490ca824', time: '2016-03-15 10:43:46'
System info: host: 'c02vj0eahtdg.users.bah.com', ip: '10.201.14.135', os.name: 'Mac OS X', os.arch: 'x86_64', os.version: '10.12.6', java.version: '1.8.0_152'
Driver info: org.openqa.selenium.chrome.ChromeDriver
Capabilities [{applicationCacheEnabled=false, rotatable=false, mobileEmulationEnabled=false, networkConnectionEnabled=false, chrome={chromedriverVersion=2.34.522932 (4140ab217e1ca1bec0c4b4d1b148f3361eb3a03e), userDataDir=/var/folders/y_/1vk31t113zd18dv5_4lx_t7m0000gn/T/.org.chromium.Chromium.5h7qR1}, takesHeapSnapshot=true, pageLoadStrategy=normal, databaseEnabled=false, handlesAlerts=true, hasTouchScreen=false, version=63.0.3239.132, platform=MAC, browserConnectionEnabled=false, nativeEvents=true, acceptSslCerts=true, locationContextEnabled=true, webStorageEnabled=true, browserName=chrome, takesScreenshot=true, javascriptEnabled=true, cssSelectorsEnabled=true, setWindowRect=true, unexpectedAlertBehaviour=}]
Session ID: 994dd178fdfefe5261db78c6ee5527ee
*** Element info: {Using=xpath, value=//*[@id='email']}
gov.dol.bg.test.pages.DOLHomepage.fbLogin(DOLHomepage.java:207)
gov.dol.bg.test.User.clickNavNode(User.java:163)
gov.dol.bg.test.DailyRegression.the_user_clicks_on_the_socMediaLink_within_the_Press_navigation_barr(DailyRegression.java:80)
</system-err></testcase></testsuite>