<?xml version="1.0" encoding="UTF-8"?><testsuite errors="0" failures="0" name="Ilab regression" skipped="9" tests="9" time="0.0" timestamp="2018-01-03 10:33:31"><testcase name="Verify all of the About Us tabs from the ILAB page"><skipped/></testcase><testcase name="Verify all of the Our Work tabs from the ILAB page"><skipped/></testcase><testcase name="Verify all of the Resources tabs from the ILAB page"><skipped/></testcase><testcase name="Verify all of the ILAB In Action tabs from the ILAB page"><skipped/></testcase></testsuite>