<?xml version="1.0" encoding="UTF-8"?><testsuite errors="0" failures="1" name="Ebsa regression" skipped="0" tests="2" time="33.31" timestamp="2017-10-289 02:31:33"><testcase name="Verify all of the Laws &amp; Regulations tabs from the EBSA page"><failure message="expected:&lt;...rance Portability an[n]d Accountability Act...&gt; but was:&lt;...rance Portability an[]d Accountability Act...&gt;" type="org.junit.ComparisonFailure">expected:&lt;...rance Portability an[n]d Accountability Act...&gt; but was:&lt;...rance Portability an[]d Accountability Act...&gt;</failure><system-err>expected:&lt;...rance Portability an[n]d Accountability Act...&gt; but was:&lt;...rance Portability an[]d Accountability Act...&gt;&#13;
gov.dol.bg.test.User.shouldSeePage(User.java:529)&#13;
gov.dol.bg.test.DailyRegression.then_the__lawsregs_should_open_correctly(DailyRegression.java:195)&#13;
</system-err></testcase></testsuite>