<?xml version="1.0" encoding="UTF-8"?><testsuite errors="0" failures="0" name="Ebsa regression" skipped="0" tests="14" time="129.73" timestamp="2017-10-279 10:51:16"><testcase name="Verify the Ask EBSA and EBSA Home menu items"/><testcase name="Verify all of the About EBSA tabs from the EBSA page"/><testcase name="Verify all of the Workers &amp; Families tabs from the EBSA page"/><testcase name="Verify all of the Employers &amp; Advisers tabs from the EBSA page"/><testcase name="Verify all of the Researchers tabs from the EBSA page"/><testcase name="Verify all of the Key Topics tabs from the EBSA page"/><testcase name="Verify all of the Laws &amp; Regulations tabs from the EBSA page"/></testsuite>