<?xml version="1.0" encoding="UTF-8"?><testsuite errors="0" failures="0" name="Ebsa regression" skipped="12" tests="12" time="0.02" timestamp="2017-10-276 01:07:34"><testcase name="Verify all of the About EBSA tabs from the EBSA page"><skipped/></testcase><testcase name="Verify all of the Workers &amp; Families tabs from the EBSA page"><skipped/></testcase><testcase name="Verify all of the Employers &amp; Advisers tabs from the EBSA page"><skipped/></testcase><testcase name="Verify all of the Researchers tabs from the EBSA page"><skipped/></testcase><testcase name="Verify all of the Key Topics tabs from the EBSA page"><skipped/></testcase><testcase name="Verify all of the Laws &amp; Regulations tabs from the EBSA page"><skipped/></testcase></testsuite>