<?xml version="1.0" encoding="UTF-8"?><testsuite errors="0" failures="1" name="Ilab regression" skipped="0" tests="9" time="93.98" timestamp="2017-10-277 03:14:34"><testcase name="Verify all of the About Us tabs from the ILAB page"/><testcase name="Verify all of the Our Work tabs from the ILAB page"/><testcase name="Verify all of the Resources tabs from the ILAB page"/><testcase name="Verify all of the ILAB In Action tabs from the ILAB page"><failure message="expected:&lt;News[s] Releases&gt; but was:&lt;News[] Releases&gt;" type="org.junit.ComparisonFailure">expected:&lt;News[s] Releases&gt; but was:&lt;News[] Releases&gt;</failure><system-err>expected:&lt;News[s] Releases&gt; but was:&lt;News[] Releases&gt;&#13;
gov.dol.bg.test.User.shouldSeePage(User.java:458)&#13;
gov.dol.bg.test.DailyRegression.then_the_action_should_open_correctly(DailyRegression.java:129)&#13;
</system-err></testcase></testsuite>