<?xml version="1.0" encoding="UTF-8"?><testsuite errors="0" failures="0" name="Ilab regression" skipped="9" tests="9" time="0.02" timestamp="2017-10-277 04:16:42"><testcase name="Verify all of the About Us tabs from the ILAB page"><skipped/></testcase><testcase name="Verify all of the Our Work tabs from the ILAB page"><skipped/></testcase><testcase name="Verify all of the Resources tabs from the ILAB page"><skipped/></testcase><testcase name="Verify all of the ILAB In Action tabs from the ILAB page"><skipped/></testcase></testsuite>