<?xml version="1.0" encoding="UTF-8"?><testsuite errors="0" failures="0" name="Ebsa regression" skipped="14" tests="14" time="0.02" timestamp="2017-10-278 11:25:32"><testcase name="Verify all of the About EBSA tabs from the EBSA page"><skipped/></testcase><testcase name="Verify all of the Employers &amp; Advisers tabs from the EBSA page"><skipped/></testcase><testcase name="Verify all of the Key Topics tabs from the EBSA page"><skipped/></testcase><testcase name="Verify all of the Laws &amp; Regulations tabs from the EBSA page"><skipped/></testcase><testcase name="Verify all of the Researchers tabs from the EBSA page"><skipped/></testcase><testcase name="Verify all of the Workers &amp; Families tabs from the EBSA page"><skipped/></testcase><testcase name="Verify the Ask EBSA and EBSA Home menu items"><skipped/></testcase></testsuite>