<?xml version="1.0" encoding="UTF-8"?><testsuite errors="0" failures="0" name="Dol homepage regression" skipped="27" tests="27" time="0.02" timestamp="2017-10-297 09:58:25"><testcase name="Verify all of the navbar tabs to assert that the pages open correctly"><skipped/></testcase><testcase name="Verify all of the Topics sub-navigation tabs open correctly"><skipped/></testcase><testcase name="Verify all of the Agencies sub-navigation tabs open correctly"><skipped/></testcase><testcase name="Verify all of the Press sub-navigation tabs open correctly"><skipped/></testcase><testcase name="Verify all of the Footer navigation links open correctly"><skipped/></testcase><testcase name="Verify all of the Social Media navigation links open correctly"><skipped/></testcase></testsuite>